<?xml version="1.0" encoding="UTF-8"?>
<!-- Generated by org.testng.reporters.JUnitReportReporter -->
<testsuite hostname="DESKTOP-SK31KA4" failures="0" tests="1" name="practice_package.Amazon_Assertion_test" time="72.069" errors="0" timestamp="2023-08-09T12:08:50 IST" skipped="0">
  <testcase classname="practice_package.Amazon_Assertion_test" name="amazon" time="72.069"/>
  <system-out/>
</testsuite> <!-- practice_package.Amazon_Assertion_test -->
