<?xml version="1.0" encoding="UTF-8"?>
<!-- Generated by org.testng.reporters.JUnitReportReporter -->
<testsuite hostname="DESKTOP-SK31KA4" failures="0" tests="2" name="practice_package.Dataprovider_test" time="0.025" errors="0" timestamp="2023-08-04T13:24:50 IST" skipped="0">
  <testcase classname="practice_package.Dataprovider_test" name="getdata" time="0.006"/>
  <system-out/>
  <testcase classname="practice_package.Dataprovider_test" name="getdata" time="0.019"/>
  <system-out/>
</testsuite> <!-- practice_package.Dataprovider_test -->
