<?xml version="1.0" encoding="UTF-8"?>
<!-- Generated by org.testng.reporters.JUnitReportReporter -->
<testsuite hostname="DESKTOP-SK31KA4" failures="0" tests="6" name="practice_package.DataPro_Exceltest" time="0.034" errors="0" timestamp="2023-08-04T16:06:08 IST" skipped="0">
  <testcase classname="practice_package.DataPro_Exceltest" name="fetchdata" time="0.009"/>
  <system-out/>
  <testcase classname="practice_package.DataPro_Exceltest" name="fetchdata" time="0.004"/>
  <system-out/>
  <testcase classname="practice_package.DataPro_Exceltest" name="fetchdata" time="0.011"/>
  <system-out/>
  <testcase classname="practice_package.DataPro_Exceltest" name="fetchdata" time="0.002"/>
  <system-out/>
  <testcase classname="practice_package.DataPro_Exceltest" name="fetchdata" time="0.003"/>
  <system-out/>
  <testcase classname="practice_package.DataPro_Exceltest" name="fetchdata" time="0.005"/>
  <system-out/>
</testsuite> <!-- practice_package.DataPro_Exceltest -->
