<?xml version="1.0" encoding="UTF-8"?>
<!-- Generated by org.testng.reporters.JUnitReportReporter -->
<testsuite hostname="DESKTOP-SK31KA4" failures="0" tests="4" name="practice_package.TestNG_Demo_test" time="0.055" errors="0" timestamp="2023-08-04T11:26:43 IST" skipped="0">
  <testcase classname="practice_package.TestNG_Demo_test" name="deletedata" time="0.012"/>
  <system-out/>
  <testcase classname="practice_package.TestNG_Demo_test" name="editdata" time="0.008"/>
  <system-out/>
  <testcase classname="practice_package.TestNG_Demo_test" name="editdata" time="0.029"/>
  <system-out/>
  <testcase classname="practice_package.TestNG_Demo_test" name="createdata" time="0.006"/>
  <system-out/>
</testsuite> <!-- practice_package.TestNG_Demo_test -->
