<?xml version="1.0" encoding="UTF-8"?>
<!-- Generated by org.testng.reporters.JUnitReportReporter -->
<testsuite hostname="DESKTOP-SK31KA4" failures="0" tests="2" name="practice_package.Test_annotations_2" time="0.004" errors="0" timestamp="2023-08-07T15:03:58 IST" skipped="0">
  <testcase classname="practice_package.Test_annotations_2" name="test" time="0.003"/>
  <system-out/>
  <testcase classname="practice_package.Test_annotations_2" name="test2" time="0.001"/>
  <system-out/>
</testsuite> <!-- practice_package.Test_annotations_2 -->
