<?xml version="1.0" encoding="UTF-8"?>
<!-- Generated by org.testng.reporters.JUnitReportReporter -->
<testsuite hostname="DESKTOP-SK31KA4" failures="0" tests="6" name="practice_package.Datapro_EXcel_Generic_test" time="0.041" errors="0" timestamp="2023-08-07T12:00:25 IST" skipped="0">
  <testcase classname="practice_package.Datapro_EXcel_Generic_test" name="fetchdata" time="0.008"/>
  <system-out/>
  <testcase classname="practice_package.Datapro_EXcel_Generic_test" name="fetchdata" time="0.003"/>
  <system-out/>
  <testcase classname="practice_package.Datapro_EXcel_Generic_test" name="fetchdata" time="0.012"/>
  <system-out/>
  <testcase classname="practice_package.Datapro_EXcel_Generic_test" name="fetchdata" time="0.005"/>
  <system-out/>
  <testcase classname="practice_package.Datapro_EXcel_Generic_test" name="fetchdata" time="0.005"/>
  <system-out/>
  <testcase classname="practice_package.Datapro_EXcel_Generic_test" name="fetchdata" time="0.008"/>
  <system-out/>
</testsuite> <!-- practice_package.Datapro_EXcel_Generic_test -->
