<?xml version="1.0" encoding="UTF-8"?>
<!-- Generated by org.testng.reporters.JUnitReportReporter -->
<testsuite hostname="DESKTOP-SK31KA4" failures="0" tests="1" name="admin_module.Delete_restaurant_testNG_test" time="30.689" errors="0" timestamp="2023-08-10T13:32:53 IST" skipped="0">
  <testcase classname="admin_module.Delete_restaurant_testNG_test" name="delete" time="30.689"/>
  <system-out/>
</testsuite> <!-- admin_module.Delete_restaurant_testNG_test -->
