<?xml version="1.0" encoding="UTF-8"?>
<!-- Generated by org.testng.reporters.JUnitReportReporter -->
<testsuite hostname="DESKTOP-SK31KA4" failures="0" tests="1" name="practice_package.Test_annotations" time="0.011" errors="0" timestamp="2023-08-07T15:03:58 IST" skipped="0">
  <testcase classname="practice_package.Test_annotations" name="test" time="0.011"/>
  <system-out/>
</testsuite> <!-- practice_package.Test_annotations -->
