<?xml version="1.0" encoding="UTF-8"?>
<!-- Generated by org.testng.reporters.JUnitReportReporter -->
<testsuite hostname="DESKTOP-SK31KA4" failures="0" tests="1" name="practice_package.ReadfromCMD" time="102.986" errors="0" timestamp="2023-07-28T17:59:00 IST" skipped="0">
  <testcase classname="practice_package.ReadfromCMD" name="login" time="102.986"/>
  <system-out/>
</testsuite> <!-- practice_package.ReadfromCMD -->
