<?xml version="1.0" encoding="UTF-8"?>
<!-- Generated by org.testng.reporters.JUnitReportReporter -->
<testsuite hostname="DESKTOP-SK31KA4" failures="0" tests="2" name="practice_package.Fetchdata_TNG_DP_test" time="0.018" errors="0" timestamp="2023-08-04T13:32:13 IST" skipped="0">
  <testcase classname="practice_package.Fetchdata_TNG_DP_test" name="fetchDP" time="0.002"/>
  <system-out/>
  <testcase classname="practice_package.Fetchdata_TNG_DP_test" name="fetchDP" time="0.016"/>
  <system-out/>
</testsuite> <!-- practice_package.Fetchdata_TNG_DP_test -->
