<?xml version="1.0" encoding="UTF-8"?>
<!-- Generated by org.testng.reporters.JUnitReportReporter -->
<testsuite hostname="DESKTOP-SK31KA4" failures="0" tests="3" name="practice_package.FetchDP1_test" time="0.028" errors="0" timestamp="2023-08-04T14:57:34 IST" skipped="0">
  <testcase classname="practice_package.FetchDP1_test" name="getdata" time="0.003"/>
  <system-out/>
  <testcase classname="practice_package.FetchDP1_test" name="getdata" time="0.016"/>
  <system-out/>
  <testcase classname="practice_package.FetchDP1_test" name="getdata" time="0.009"/>
  <system-out/>
</testsuite> <!-- practice_package.FetchDP1_test -->
